2016-05-28 02:54:48 trace :
------------
String:
<xml><ToUserName><![CDATA[gh_0f2739b7f348]]></ToUserName>
<FromUserName><![CDATA[oRDNLv-s7IzFY5n6vzCJzpuYGHUQ]]></FromUserName>
<CreateTime>1464375288</CreateTime>
<MsgType><![CDATA[text]]></MsgType>
<Content><![CDATA[61]]></Content>
<MsgId>6289443971450612264</MsgId>
</xml>

2016-05-28 02:54:48 params :
------------
Array:
message : Array ;
module : cover ;
rule : 15 ;
priority : 0 ;
keyword : Array ;

2016-05-28 02:54:48 response :
------------
Array:
FromUserName : gh_0f2739b7f348 ;
ToUserName : oRDNLv-s7IzFY5n6vzCJzpuYGHUQ ;
MsgType : news ;
ArticleCount : 1 ;
Articles : Array ;

2016-05-28 21:00:36 trace :
------------
String:
<xml><ToUserName><![CDATA[gh_0f2739b7f348]]></ToUserName>
<FromUserName><![CDATA[oRDNLv-s7IzFY5n6vzCJzpuYGHUQ]]></FromUserName>
<CreateTime>1464440436</CreateTime>
<MsgType><![CDATA[event]]></MsgType>
<Event><![CDATA[unsubscribe]]></Event>
<EventKey><![CDATA[]]></EventKey>
</xml>

2016-05-28 21:03:54 trace :
------------
String:
<xml><ToUserName><![CDATA[gh_0f2739b7f348]]></ToUserName>
<FromUserName><![CDATA[oRDNLvwhHIVHwxxx0J3gSxaKiz7g]]></FromUserName>
<CreateTime>1464440634</CreateTime>
<MsgType><![CDATA[event]]></MsgType>
<Event><![CDATA[unsubscribe]]></Event>
<EventKey><![CDATA[]]></EventKey>
</xml>

2016-05-28 21:14:42 trace :
------------
String:
<xml><ToUserName><![CDATA[gh_0f2739b7f348]]></ToUserName>
<FromUserName><![CDATA[oRDNLv-s7IzFY5n6vzCJzpuYGHUQ]]></FromUserName>
<CreateTime>1464441282</CreateTime>
<MsgType><![CDATA[event]]></MsgType>
<Event><![CDATA[subscribe]]></Event>
<EventKey><![CDATA[]]></EventKey>
</xml>

2016-05-28 21:14:42 params :
------------
Array:
message : Array ;
module : default ;
rule : -1 ;

2016-05-28 21:14:42 response :
------------
Array:
params : Array ;

2016-05-28 21:15:15 trace :
------------
String:
<xml><ToUserName><![CDATA[gh_0f2739b7f348]]></ToUserName>
<FromUserName><![CDATA[oRDNLv-s7IzFY5n6vzCJzpuYGHUQ]]></FromUserName>
<CreateTime>1464441315</CreateTime>
<MsgType><![CDATA[text]]></MsgType>
<Content><![CDATA[61]]></Content>
<MsgId>6289727555256323132</MsgId>
</xml>

2016-05-28 21:15:15 params :
------------
Array:
message : Array ;
module : cover ;
rule : 15 ;
priority : 0 ;
keyword : Array ;

2016-05-28 21:15:15 response :
------------
Array:
FromUserName : gh_0f2739b7f348 ;
ToUserName : oRDNLv-s7IzFY5n6vzCJzpuYGHUQ ;
MsgType : news ;
ArticleCount : 1 ;
Articles : Array ;

2016-05-28 21:18:48 trace :
------------
String:
<xml><ToUserName><![CDATA[gh_0f2739b7f348]]></ToUserName>
<FromUserName><![CDATA[oRDNLv-s7IzFY5n6vzCJzpuYGHUQ]]></FromUserName>
<CreateTime>1464441527</CreateTime>
<MsgType><![CDATA[event]]></MsgType>
<Event><![CDATA[unsubscribe]]></Event>
<EventKey><![CDATA[]]></EventKey>
</xml>

