2016-05-16 08:51:59 trace :
------------
String:
<xml><ToUserName><![CDATA[toUser]]></ToUserName><FromUserName><![CDATA[fromUser]]></FromUserName><CreateTime>1463360112</CreateTime><MsgType><![CDATA[text]]></MsgType><Content><![CDATA[520]]></Content><MsgId>1234567890123456</MsgId></xml>

2016-05-16 08:51:59 params :
------------
Array:
message : Array ;
module : cover ;
rule : 13 ;
priority : 0 ;
keyword : Array ;

2016-05-16 08:51:59 response :
------------
Array:
FromUserName : toUser ;
ToUserName : fromUser ;
MsgType : news ;
ArticleCount : 1 ;
Articles : Array ;

2016-05-16 10:59:21 trace :
------------
String:
<xml><ToUserName><![CDATA[gh_0f2739b7f348]]></ToUserName>
<FromUserName><![CDATA[oRDNLv-s7IzFY5n6vzCJzpuYGHUQ]]></FromUserName>
<CreateTime>1463367560</CreateTime>
<MsgType><![CDATA[text]]></MsgType>
<Content><![CDATA[520]]></Content>
<MsgId>6285115812646786236</MsgId>
</xml>

2016-05-16 10:59:21 params :
------------
Array:
message : Array ;
module : cover ;
rule : 13 ;
priority : 0 ;
keyword : Array ;

2016-05-16 10:59:21 response :
------------
Array:
FromUserName : gh_0f2739b7f348 ;
ToUserName : oRDNLv-s7IzFY5n6vzCJzpuYGHUQ ;
MsgType : news ;
ArticleCount : 1 ;
Articles : Array ;

2016-05-16 11:14:33 trace :
------------
String:
<xml><ToUserName><![CDATA[gh_0f2739b7f348]]></ToUserName>
<FromUserName><![CDATA[oRDNLv-s7IzFY5n6vzCJzpuYGHUQ]]></FromUserName>
<CreateTime>1463368474</CreateTime>
<MsgType><![CDATA[text]]></MsgType>
<Content><![CDATA[520]]></Content>
<MsgId>6285119738246895453</MsgId>
</xml>

2016-05-16 11:14:34 params :
------------
Array:
message : Array ;
module : cover ;
rule : 13 ;
priority : 0 ;
keyword : Array ;

2016-05-16 11:14:34 response :
------------
Array:
FromUserName : gh_0f2739b7f348 ;
ToUserName : oRDNLv-s7IzFY5n6vzCJzpuYGHUQ ;
MsgType : news ;
ArticleCount : 1 ;
Articles : Array ;

2016-05-16 11:32:40 trace :
------------
String:
<xml><ToUserName><![CDATA[toUser]]></ToUserName><FromUserName><![CDATA[fromUser]]></FromUserName><CreateTime>1463369756</CreateTime><MsgType><![CDATA[text]]></MsgType><Content><![CDATA[520]]></Content><MsgId>1234567890123456</MsgId></xml>

2016-05-16 11:32:40 params :
------------
Array:
message : Array ;
module : cover ;
rule : 13 ;
priority : 0 ;
keyword : Array ;

2016-05-16 11:32:40 response :
------------
Array:
FromUserName : toUser ;
ToUserName : fromUser ;
MsgType : news ;
ArticleCount : 1 ;
Articles : Array ;

2016-05-16 12:01:08 trace :
------------
String:
<xml><ToUserName><![CDATA[toUser]]></ToUserName><FromUserName><![CDATA[fromUser]]></FromUserName><CreateTime>1463371463</CreateTime><MsgType><![CDATA[text]]></MsgType><Content><![CDATA[520]]></Content><MsgId>1234567890123456</MsgId></xml>

2016-05-16 12:01:08 params :
------------
Array:
message : Array ;
module : cover ;
rule : 13 ;
priority : 0 ;
keyword : Array ;

2016-05-16 12:01:08 response :
------------
Array:
FromUserName : toUser ;
ToUserName : fromUser ;
MsgType : news ;
ArticleCount : 1 ;
Articles : Array ;

2016-05-16 13:00:22 trace :
------------
String:
<xml><ToUserName><![CDATA[toUser]]></ToUserName><FromUserName><![CDATA[fromUser]]></FromUserName><CreateTime>1463375017</CreateTime><MsgType><![CDATA[event]]></MsgType><Event><![CDATA[subscribe]]></Event><EventKey><![CDATA[]]></EventKey><MsgId>1234567890123456</MsgId></xml>

2016-05-16 13:00:22 params :
------------
Array:
message : Array ;
module : default ;
rule : -1 ;

2016-05-16 13:00:22 response :
------------
Array:
params : Array ;

2016-05-16 13:00:26 trace :
------------
String:
<xml><ToUserName><![CDATA[toUser]]></ToUserName><FromUserName><![CDATA[fromUser]]></FromUserName><CreateTime>1463375021</CreateTime><MsgType><![CDATA[event]]></MsgType><Event><![CDATA[unsubscribe]]></Event><EventKey><![CDATA[]]></EventKey><MsgId>1234567890123456</MsgId></xml>

2016-05-16 13:00:27 trace :
------------
String:
<xml><ToUserName><![CDATA[toUser]]></ToUserName><FromUserName><![CDATA[fromUser]]></FromUserName><CreateTime>1463375023</CreateTime><MsgType><![CDATA[event]]></MsgType><Event><![CDATA[subscribe]]></Event><EventKey><![CDATA[]]></EventKey><MsgId>1234567890123456</MsgId></xml>

2016-05-16 13:00:27 params :
------------
Array:
message : Array ;
module : default ;
rule : -1 ;

2016-05-16 13:00:27 response :
------------
Array:
params : Array ;

2016-05-16 13:00:31 trace :
------------
String:
<xml><ToUserName><![CDATA[toUser]]></ToUserName><FromUserName><![CDATA[fromUser]]></FromUserName><CreateTime>1463375026</CreateTime><MsgType><![CDATA[image]]></MsgType><PicUrl><![CDATA[http://www.baidu.com/img/bdlogo.gif]]></PicUrl><MsgId>1234567890123456</MsgId></xml>

2016-05-16 13:00:31 params :
------------
Array:
message : Array ;
module : default ;
rule : -1 ;

2016-05-16 13:00:31 response :
------------
Array:
params : Array ;

2016-05-16 13:00:36 trace :
------------
String:
<xml><ToUserName><![CDATA[toUser]]></ToUserName><FromUserName><![CDATA[fromUser]]></FromUserName><CreateTime>1463375031</CreateTime><MsgType><![CDATA[location]]></MsgType><Location_X>23.134521</Location_X><Location_Y>113.358803</Location_Y><Scale>20</Scale><Label><![CDATA[位置信息]]></Label><MsgId>1234567890123456</MsgId></xml>

2016-05-16 13:00:36 params :
------------
Array:
message : Array ;
module : default ;
rule : -1 ;

2016-05-16 13:00:36 response :
------------
Array:
params : Array ;

2016-05-16 13:00:39 trace :
------------
String:
<xml><ToUserName><![CDATA[toUser]]></ToUserName><FromUserName><![CDATA[fromUser]]></FromUserName><CreateTime>1463375034</CreateTime><MsgType><![CDATA[text]]></MsgType><Content><![CDATA[520]]></Content><MsgId>1234567890123456</MsgId></xml>

2016-05-16 13:00:39 params :
------------
Array:
message : Array ;
module : cover ;
rule : 13 ;
priority : 0 ;
keyword : Array ;

2016-05-16 13:00:39 response :
------------
Array:
FromUserName : toUser ;
ToUserName : fromUser ;
MsgType : news ;
ArticleCount : 1 ;
Articles : Array ;

2016-05-16 13:00:43 trace :
------------
String:
<xml><ToUserName><![CDATA[toUser]]></ToUserName><FromUserName><![CDATA[fromUser]]></FromUserName><CreateTime>1463375038</CreateTime><MsgType><![CDATA[text]]></MsgType><Content><![CDATA[520]]></Content><MsgId>1234567890123456</MsgId></xml>

2016-05-16 13:00:43 params :
------------
Array:
message : Array ;
module : cover ;
rule : 13 ;
priority : 0 ;
keyword : Array ;

2016-05-16 13:00:43 response :
------------
Array:
FromUserName : toUser ;
ToUserName : fromUser ;
MsgType : news ;
ArticleCount : 1 ;
Articles : Array ;

2016-05-16 13:00:44 trace :
------------
String:
<xml><ToUserName><![CDATA[toUser]]></ToUserName><FromUserName><![CDATA[fromUser]]></FromUserName><CreateTime>1463375039</CreateTime><MsgType><![CDATA[image]]></MsgType><PicUrl><![CDATA[http://www.baidu.com/img/bdlogo.gif]]></PicUrl><MsgId>1234567890123456</MsgId></xml>

2016-05-16 13:00:44 params :
------------
Array:
message : Array ;
module : default ;
rule : -1 ;

2016-05-16 13:00:44 response :
------------
Array:
params : Array ;

2016-05-16 13:00:46 trace :
------------
String:
<xml><ToUserName><![CDATA[toUser]]></ToUserName><FromUserName><![CDATA[fromUser]]></FromUserName><CreateTime>1463375042</CreateTime><MsgType><![CDATA[text]]></MsgType><Content><![CDATA[520]]></Content><MsgId>1234567890123456</MsgId></xml>

2016-05-16 13:00:46 params :
------------
Array:
message : Array ;
module : cover ;
rule : 13 ;
priority : 0 ;
keyword : Array ;

2016-05-16 13:00:46 response :
------------
Array:
FromUserName : toUser ;
ToUserName : fromUser ;
MsgType : news ;
ArticleCount : 1 ;
Articles : Array ;

2016-05-16 17:40:10 trace :
------------
String:
<xml><ToUserName><![CDATA[toUser]]></ToUserName><FromUserName><![CDATA[pengbd3]]></FromUserName><CreateTime>1463391804</CreateTime><MsgType><![CDATA[text]]></MsgType><Content><![CDATA[520]]></Content><MsgId>1234567890123456</MsgId></xml>

2016-05-16 17:40:10 params :
------------
Array:
message : Array ;
module : cover ;
rule : 13 ;
priority : 0 ;
keyword : Array ;

2016-05-16 17:40:10 response :
------------
Array:
FromUserName : toUser ;
ToUserName : pengbd3 ;
MsgType : news ;
ArticleCount : 1 ;
Articles : Array ;

2016-05-16 21:27:45 trace :
------------
String:
<xml><ToUserName><![CDATA[gh_0f2739b7f348]]></ToUserName>
<FromUserName><![CDATA[oRDNLv-s7IzFY5n6vzCJzpuYGHUQ]]></FromUserName>
<CreateTime>1463405264</CreateTime>
<MsgType><![CDATA[text]]></MsgType>
<Content><![CDATA[520]]></Content>
<MsgId>6285277750093740802</MsgId>
</xml>

2016-05-16 21:27:45 params :
------------
Array:
message : Array ;
module : cover ;
rule : 13 ;
priority : 0 ;
keyword : Array ;

2016-05-16 21:27:45 response :
------------
Array:
FromUserName : gh_0f2739b7f348 ;
ToUserName : oRDNLv-s7IzFY5n6vzCJzpuYGHUQ ;
MsgType : news ;
ArticleCount : 1 ;
Articles : Array ;

